<?xml version="1.0" encoding="UTF-8"?>
<testsuite name="JobTracker.LibraryTest" tests="1" skipped="0" failures="0" errors="0" timestamp="2022-09-11T20:04:10" hostname="LAPTOP-VK7NJIEK" time="0.019">
  <properties/>
  <testcase name="someLibraryMethodReturnsTrue()" classname="JobTracker.LibraryTest" time="0.019"/>
  <system-out><![CDATA[]]></system-out>
  <system-err><![CDATA[]]></system-err>
</testsuite>
